<?xml version="1.0" encoding="UTF-8"?>
<!-- Generated by org.testng.reporters.JUnitReportReporter -->
<testsuite hostname="DESKTOP-DGC7O92" failures="0" tests="1" name="ProjectTwo.ProjectTwo" time="0.019" errors="0" timestamp="2023-10-23T13:15:27 EET" skipped="0">
  <testcase classname="ProjectTwo.ProjectTwo" name="myTest" time="0.019"/>
  <system-out/>
</testsuite> <!-- ProjectTwo.ProjectTwo -->
